0 verbose cli /usr/local/bin/node /usr/local/bin/npm
1 info using npm@10.8.2
2 info using node@v20.18.0
3 silly config load:file:/usr/local/lib/node_modules/npm/npmrc
4 silly config load:file:/Users/mac/Desktop/vscode/portfolio/.npmrc
5 silly config load:file:/Users/mac/.npmrc
6 silly config load:file:/usr/local/etc/npmrc
7 verbose title npm install
8 verbose argv "install"
9 verbose logfile logs-max:10 dir:/Users/mac/Desktop/vscode/portfolio/npx-shit/_logs/2024-10-14T13_08_21_600Z-
10 verbose logfile /Users/mac/Desktop/vscode/portfolio/npx-shit/_logs/2024-10-14T13_08_21_600Z-debug-0.log
11 silly packumentCache heap:2197815296 maxSize:549453824 maxEntrySize:274726912
12 silly logfile done cleaning log files
13 silly idealTree buildDeps
14 silly reify moves {}
15 silly audit bulk request {
15 silly audit   '@alloc/quick-lru': [ '5.2.0' ],
15 silly audit   '@emnapi/runtime': [ '1.3.1' ],
15 silly audit   '@eslint-community/eslint-utils': [ '4.4.0' ],
15 silly audit   '@eslint-community/regexpp': [ '4.11.1' ],
15 silly audit   '@eslint/eslintrc': [ '2.1.4' ],
15 silly audit   '@eslint/js': [ '8.57.1' ],
15 silly audit   '@humanwhocodes/config-array': [ '0.13.0' ],
15 silly audit   '@humanwhocodes/module-importer': [ '1.0.1' ],
15 silly audit   '@humanwhocodes/object-schema': [ '2.0.3' ],
15 silly audit   '@img/sharp-darwin-arm64': [ '0.33.5' ],
15 silly audit   '@img/sharp-darwin-x64': [ '0.33.5' ],
15 silly audit   '@img/sharp-libvips-darwin-arm64': [ '1.0.4' ],
15 silly audit   '@img/sharp-libvips-darwin-x64': [ '1.0.4' ],
15 silly audit   '@img/sharp-libvips-linux-arm': [ '1.0.5' ],
15 silly audit   '@img/sharp-libvips-linux-arm64': [ '1.0.4' ],
15 silly audit   '@img/sharp-libvips-linux-s390x': [ '1.0.4' ],
15 silly audit   '@img/sharp-libvips-linux-x64': [ '1.0.4' ],
15 silly audit   '@img/sharp-libvips-linuxmusl-arm64': [ '1.0.4' ],
15 silly audit   '@img/sharp-libvips-linuxmusl-x64': [ '1.0.4' ],
15 silly audit   '@img/sharp-linux-arm': [ '0.33.5' ],
15 silly audit   '@img/sharp-linux-arm64': [ '0.33.5' ],
15 silly audit   '@img/sharp-linux-s390x': [ '0.33.5' ],
15 silly audit   '@img/sharp-linux-x64': [ '0.33.5' ],
15 silly audit   '@img/sharp-linuxmusl-arm64': [ '0.33.5' ],
15 silly audit   '@img/sharp-linuxmusl-x64': [ '0.33.5' ],
15 silly audit   '@img/sharp-wasm32': [ '0.33.5' ],
15 silly audit   '@img/sharp-win32-ia32': [ '0.33.5' ],
15 silly audit   '@img/sharp-win32-x64': [ '0.33.5' ],
15 silly audit   '@isaacs/cliui': [ '8.0.2' ],
15 silly audit   'ansi-regex': [ '6.1.0', '5.0.1' ],
15 silly audit   'strip-ansi': [ '7.1.0', '6.0.1' ],
15 silly audit   '@jridgewell/gen-mapping': [ '0.3.5' ],
15 silly audit   '@jridgewell/resolve-uri': [ '3.1.2' ],
15 silly audit   '@jridgewell/set-array': [ '1.2.1' ],
15 silly audit   '@jridgewell/sourcemap-codec': [ '1.5.0' ],
15 silly audit   '@jridgewell/trace-mapping': [ '0.3.25' ],
15 silly audit   '@next/env': [ '14.2.15' ],
15 silly audit   '@next/eslint-plugin-next': [ '14.2.15' ],
15 silly audit   '@next/swc-darwin-x64': [ '14.2.15' ],
15 silly audit   '@nodelib/fs.scandir': [ '2.1.5' ],
15 silly audit   '@nodelib/fs.stat': [ '2.0.5' ],
15 silly audit   '@nodelib/fs.walk': [ '1.2.8' ],
15 silly audit   '@nolyfill/is-core-module': [ '1.0.39' ],
15 silly audit   '@pkgjs/parseargs': [ '0.11.0' ],
15 silly audit   '@rtsao/scc': [ '1.1.0' ],
15 silly audit   '@rushstack/eslint-patch': [ '1.10.4' ],
15 silly audit   '@swc/counter': [ '0.1.3' ],
15 silly audit   '@swc/helpers': [ '0.5.5' ],
15 silly audit   '@types/json5': [ '0.0.29' ],
15 silly audit   '@typescript-eslint/eslint-plugin': [ '8.8.1' ],
15 silly audit   '@typescript-eslint/parser': [ '8.8.1' ],
15 silly audit   '@typescript-eslint/scope-manager': [ '8.8.1' ],
15 silly audit   '@typescript-eslint/type-utils': [ '8.8.1' ],
15 silly audit   '@typescript-eslint/types': [ '8.8.1' ],
15 silly audit   '@typescript-eslint/typescript-estree': [ '8.8.1' ],
15 silly audit   'brace-expansion': [ '2.0.1', '1.1.11' ],
15 silly audit   minimatch: [ '9.0.5', '3.1.2' ],
15 silly audit   '@typescript-eslint/utils': [ '8.8.1' ],
15 silly audit   '@typescript-eslint/visitor-keys': [ '8.8.1' ],
15 silly audit   '@ungap/structured-clone': [ '1.2.0' ],
15 silly audit   acorn: [ '8.12.1' ],
15 silly audit   'acorn-jsx': [ '5.3.2' ],
15 silly audit   ajv: [ '6.12.6' ],
15 silly audit   'ansi-styles': [ '4.3.0', '6.2.1' ],
15 silly audit   'any-promise': [ '1.3.0' ],
15 silly audit   anymatch: [ '3.1.3' ],
15 silly audit   arg: [ '5.0.2' ],
15 silly audit   argparse: [ '2.0.1' ],
15 silly audit   'aria-query': [ '5.1.3' ],
15 silly audit   'array-buffer-byte-length': [ '1.0.1' ],
15 silly audit   'array-includes': [ '3.1.8' ],
15 silly audit   'array.prototype.findlast': [ '1.2.5' ],
15 silly audit   'array.prototype.findlastindex': [ '1.2.5' ],
15 silly audit   'array.prototype.flat': [ '1.3.2' ],
15 silly audit   'array.prototype.flatmap': [ '1.3.2' ],
15 silly audit   'array.prototype.tosorted': [ '1.1.4' ],
15 silly audit   'arraybuffer.prototype.slice': [ '1.0.3' ],
15 silly audit   'ast-types-flow': [ '0.0.8' ],
15 silly audit   'available-typed-arrays': [ '1.0.7' ],
15 silly audit   'axe-core': [ '4.10.0' ],
15 silly audit   'axobject-query': [ '4.1.0' ],
15 silly audit   'balanced-match': [ '1.0.2' ],
15 silly audit   'binary-extensions': [ '2.3.0' ],
15 silly audit   braces: [ '3.0.3' ],
15 silly audit   busboy: [ '1.6.0' ],
15 silly audit   'call-bind': [ '1.0.7' ],
15 silly audit   callsites: [ '3.1.0' ],
15 silly audit   'camelcase-css': [ '2.0.1' ],
15 silly audit   'caniuse-lite': [ '1.0.30001667' ],
15 silly audit   chalk: [ '4.1.2' ],
15 silly audit   chokidar: [ '3.6.0' ],
15 silly audit   'glob-parent': [ '5.1.2', '6.0.2' ],
15 silly audit   'client-only': [ '0.0.1' ],
15 silly audit   clsx: [ '2.1.1' ],
15 silly audit   color: [ '4.2.3' ],
15 silly audit   'color-convert': [ '2.0.1' ],
15 silly audit   'color-name': [ '1.1.4' ],
15 silly audit   'color-string': [ '1.9.1' ],
15 silly audit   commander: [ '4.1.1' ],
15 silly audit   'concat-map': [ '0.0.1' ],
15 silly audit   'cross-spawn': [ '7.0.3' ],
15 silly audit   cssesc: [ '3.0.0' ],
15 silly audit   'damerau-levenshtein': [ '1.0.8' ],
15 silly audit   'data-view-buffer': [ '1.0.1' ],
15 silly audit   'data-view-byte-length': [ '1.0.1' ],
15 silly audit   'data-view-byte-offset': [ '1.0.0' ],
15 silly audit   debug: [ '4.3.7', '3.2.7' ],
15 silly audit   'deep-equal': [ '2.2.3' ],
15 silly audit   'deep-is': [ '0.1.4' ],
15 silly audit   'define-data-property': [ '1.1.4' ],
15 silly audit   'define-properties': [ '1.2.1' ],
15 silly audit   'detect-libc': [ '2.0.3' ],
15 silly audit   didyoumean: [ '1.2.2' ],
15 silly audit   dlv: [ '1.1.3' ],
15 silly audit   doctrine: [ '3.0.0', '2.1.0' ],
15 silly audit   eastasianwidth: [ '0.2.0' ],
15 silly audit   'emoji-regex': [ '9.2.2', '8.0.0' ],
15 silly audit   'enhanced-resolve': [ '5.17.1' ],
15 silly audit   'es-abstract': [ '1.23.3' ],
15 silly audit   'es-define-property': [ '1.0.0' ],
15 silly audit   'es-errors': [ '1.3.0' ],
15 silly audit   'es-get-iterator': [ '1.1.3' ],
15 silly audit   'es-iterator-helpers': [ '1.1.0' ],
15 silly audit   'es-object-atoms': [ '1.0.0' ],
15 silly audit   'es-set-tostringtag': [ '2.0.3' ],
15 silly audit   'es-shim-unscopables': [ '1.0.2' ],
15 silly audit   'es-to-primitive': [ '1.2.1' ],
15 silly audit   'escape-string-regexp': [ '4.0.0' ],
15 silly audit   eslint: [ '8.57.1' ],
15 silly audit   'eslint-config-next': [ '14.2.15' ],
15 silly audit   'eslint-import-resolver-node': [ '0.3.9' ],
15 silly audit   'eslint-import-resolver-typescript': [ '3.6.3' ],
15 silly audit   'eslint-module-utils': [ '2.12.0' ],
15 silly audit   'eslint-plugin-import': [ '2.31.0' ],
15 silly audit   semver: [ '6.3.1', '7.6.3' ],
15 silly audit   'eslint-plugin-jsx-a11y': [ '6.10.0' ],
15 silly audit   'eslint-plugin-react': [ '7.37.1' ],
15 silly audit   'eslint-plugin-react-hooks': [ '4.6.2' ],
15 silly audit   resolve: [ '2.0.0-next.5', '1.22.8' ],
15 silly audit   'eslint-scope': [ '7.2.2' ],
15 silly audit   'eslint-visitor-keys': [ '3.4.3' ],
15 silly audit   espree: [ '9.6.1' ],
15 silly audit   esquery: [ '1.6.0' ],
15 silly audit   esrecurse: [ '4.3.0' ],
15 silly audit   estraverse: [ '5.3.0' ],
15 silly audit   esutils: [ '2.0.3' ],
15 silly audit   'fast-deep-equal': [ '3.1.3' ],
15 silly audit   'fast-glob': [ '3.3.2' ],
15 silly audit   'fast-json-stable-stringify': [ '2.1.0' ],
15 silly audit   'fast-levenshtein': [ '2.0.6' ],
15 silly audit   fastq: [ '1.17.1' ],
15 silly audit   'file-entry-cache': [ '6.0.1' ],
15 silly audit   'fill-range': [ '7.1.1' ],
15 silly audit   'find-up': [ '5.0.0' ],
15 silly audit   'flat-cache': [ '3.2.0' ],
15 silly audit   flatted: [ '3.3.1' ],
15 silly audit   'for-each': [ '0.3.3' ],
15 silly audit   'foreground-child': [ '3.3.0' ],
15 silly audit   'framer-motion': [ '11.11.8' ],
15 silly audit   'fs.realpath': [ '1.0.0' ],
15 silly audit   fsevents: [ '2.3.3' ],
15 silly audit   'function-bind': [ '1.1.2' ],
15 silly audit   'function.prototype.name': [ '1.1.6' ],
15 silly audit   'functions-have-names': [ '1.2.3' ],
15 silly audit   'get-intrinsic': [ '1.2.4' ],
15 silly audit   'get-symbol-description': [ '1.0.2' ],
15 silly audit   'get-tsconfig': [ '4.8.1' ],
15 silly audit   glob: [ '10.3.10', '7.2.3' ],
15 silly audit   globals: [ '13.24.0' ],
15 silly audit   globalthis: [ '1.0.4' ],
15 silly audit   gopd: [ '1.0.1' ],
15 silly audit   'graceful-fs': [ '4.2.11' ],
15 silly audit   graphemer: [ '1.4.0' ],
15 silly audit   'has-bigints': [ '1.0.2' ],
15 silly audit   'has-flag': [ '4.0.0' ],
15 silly audit   'has-property-descriptors': [ '1.0.2' ],
15 silly audit   'has-proto': [ '1.0.3' ],
15 silly audit   'has-symbols': [ '1.0.3' ],
15 silly audit   'has-tostringtag': [ '1.0.2' ],
15 silly audit   hasown: [ '2.0.2' ],
15 silly audit   ignore: [ '5.3.2' ],
15 silly audit   'import-fresh': [ '3.3.0' ],
15 silly audit   imurmurhash: [ '0.1.4' ],
15 silly audit   inflight: [ '1.0.6' ],
15 silly audit   inherits: [ '2.0.4' ],
15 silly audit   'internal-slot': [ '1.0.7' ],
15 silly audit   'is-arguments': [ '1.1.1' ],
15 silly audit   'is-array-buffer': [ '3.0.4' ],
15 silly audit   'is-arrayish': [ '0.3.2' ],
15 silly audit   'is-async-function': [ '2.0.0' ],
15 silly audit   'is-bigint': [ '1.0.4' ],
15 silly audit   'is-binary-path': [ '2.1.0' ],
15 silly audit   'is-boolean-object': [ '1.1.2' ],
15 silly audit   'is-bun-module': [ '1.2.1' ],
15 silly audit   'is-callable': [ '1.2.7' ],
15 silly audit   'is-core-module': [ '2.15.1' ],
15 silly audit   'is-data-view': [ '1.0.1' ],
15 silly audit   'is-date-object': [ '1.0.5' ],
15 silly audit   'is-extglob': [ '2.1.1' ],
15 silly audit   'is-finalizationregistry': [ '1.0.2' ],
15 silly audit   'is-fullwidth-code-point': [ '3.0.0' ],
15 silly audit   'is-generator-function': [ '1.0.10' ],
15 silly audit   'is-glob': [ '4.0.3' ],
15 silly audit   'is-map': [ '2.0.3' ],
15 silly audit   'is-negative-zero': [ '2.0.3' ],
15 silly audit   'is-number': [ '7.0.0' ],
15 silly audit   'is-number-object': [ '1.0.7' ],
15 silly audit   'is-path-inside': [ '3.0.3' ],
15 silly audit   'is-regex': [ '1.1.4' ],
15 silly audit   'is-set': [ '2.0.3' ],
15 silly audit   'is-shared-array-buffer': [ '1.0.3' ],
15 silly audit   'is-string': [ '1.0.7' ],
15 silly audit   'is-symbol': [ '1.0.4' ],
15 silly audit   'is-typed-array': [ '1.1.13' ],
15 silly audit   'is-weakmap': [ '2.0.2' ],
15 silly audit   'is-weakref': [ '1.0.2' ],
15 silly audit   'is-weakset': [ '2.0.3' ],
15 silly audit   isarray: [ '2.0.5' ],
15 silly audit   isexe: [ '2.0.0' ],
15 silly audit   'iterator.prototype': [ '1.1.3' ],
15 silly audit   jackspeak: [ '2.3.6' ],
15 silly audit   jiti: [ '1.21.6' ],
15 silly audit   'js-tokens': [ '4.0.0' ],
15 silly audit   'js-yaml': [ '4.1.0' ],
15 silly audit   'json-buffer': [ '3.0.1' ],
15 silly audit   'json-schema-traverse': [ '0.4.1' ],
15 silly audit   'json-stable-stringify-without-jsonify': [ '1.0.1' ],
15 silly audit   json5: [ '1.0.2' ],
15 silly audit   'jsx-ast-utils': [ '3.3.5' ],
15 silly audit   keyv: [ '4.5.4' ],
15 silly audit   'language-subtag-registry': [ '0.3.23' ],
15 silly audit   'language-tags': [ '1.0.9' ],
15 silly audit   levn: [ '0.4.1' ],
15 silly audit   lilconfig: [ '2.1.0', '3.1.2' ],
15 silly audit   'lines-and-columns': [ '1.2.4' ],
15 silly audit   'locate-path': [ '6.0.0' ],
15 silly audit   'lodash.merge': [ '4.6.2' ],
15 silly audit   'loose-envify': [ '1.4.0' ],
15 silly audit   'lru-cache': [ '10.4.3' ],
15 silly audit   merge2: [ '1.4.1' ],
15 silly audit   micromatch: [ '4.0.8' ],
15 silly audit   minimist: [ '1.2.8' ],
15 silly audit   minipass: [ '7.1.2' ],
15 silly audit   ms: [ '2.1.3' ],
15 silly audit   mz: [ '2.7.0' ],
15 silly audit   nanoid: [ '3.3.7' ],
15 silly audit   'natural-compare': [ '1.4.0' ],
15 silly audit   next: [ '14.2.15' ],
15 silly audit   postcss: [ '8.4.31', '8.4.47' ],
15 silly audit   'normalize-path': [ '3.0.0' ],
15 silly audit   'object-assign': [ '4.1.1' ],
15 silly audit   'object-hash': [ '3.0.0' ],
15 silly audit   'object-inspect': [ '1.13.2' ],
15 silly audit   'object-is': [ '1.1.6' ],
15 silly audit   'object-keys': [ '1.1.1' ],
15 silly audit   'object.assign': [ '4.1.5' ],
15 silly audit   'object.entries': [ '1.1.8' ],
15 silly audit   'object.fromentries': [ '2.0.8' ],
15 silly audit   'object.groupby': [ '1.0.3' ],
15 silly audit   'object.values': [ '1.2.0' ],
15 silly audit   once: [ '1.4.0' ],
15 silly audit   optionator: [ '0.9.4' ],
15 silly audit   'p-limit': [ '3.1.0' ],
15 silly audit   'p-locate': [ '5.0.0' ],
15 silly audit   'parent-module': [ '1.0.1' ],
15 silly audit   'path-exists': [ '4.0.0' ],
15 silly audit   'path-is-absolute': [ '1.0.1' ],
15 silly audit   'path-key': [ '3.1.1' ],
15 silly audit   'path-parse': [ '1.0.7' ],
15 silly audit   'path-scurry': [ '1.11.1' ],
15 silly audit   picocolors: [ '1.1.0' ],
15 silly audit   picomatch: [ '2.3.1' ],
15 silly audit   pify: [ '2.3.0' ],
15 silly audit   pirates: [ '4.0.6' ],
15 silly audit   'possible-typed-array-names': [ '1.0.0' ],
15 silly audit   'postcss-import': [ '15.1.0' ],
15 silly audit   'postcss-js': [ '4.0.1' ],
15 silly audit   'postcss-load-config': [ '4.0.2' ],
15 silly audit   'postcss-nested': [ '6.2.0' ],
15 silly audit   'postcss-selector-parser': [ '6.1.2' ],
15 silly audit   'postcss-value-parser': [ '4.2.0' ],
15 silly audit   'prelude-ls': [ '1.2.1' ],
15 silly audit   'prop-types': [ '15.8.1' ],
15 silly audit   punycode: [ '2.3.1' ],
15 silly audit   'queue-microtask': [ '1.2.3' ],
15 silly audit   react: [ '18.3.1' ],
15 silly audit   'react-dom': [ '18.3.1' ],
15 silly audit   'react-icons': [ '5.3.0' ],
15 silly audit   'react-is': [ '16.13.1' ],
15 silly audit   'read-cache': [ '1.0.0' ],
15 silly audit   readdirp: [ '3.6.0' ],
15 silly audit   'reflect.getprototypeof': [ '1.0.6' ],
15 silly audit   'regexp.prototype.flags': [ '1.5.3' ],
15 silly audit   'resolve-from': [ '4.0.0' ],
15 silly audit   'resolve-pkg-maps': [ '1.0.0' ],
15 silly audit   reusify: [ '1.0.4' ],
15 silly audit   rimraf: [ '3.0.2' ],
15 silly audit   'run-parallel': [ '1.2.0' ],
15 silly audit   'safe-array-concat': [ '1.1.2' ],
15 silly audit   'safe-regex-test': [ '1.0.3' ],
15 silly audit   scheduler: [ '0.23.2' ],
15 silly audit   'set-function-length': [ '1.2.2' ],
15 silly audit   'set-function-name': [ '2.0.2' ],
15 silly audit   sharp: [ '0.33.5' ],
15 silly audit   'shebang-command': [ '2.0.0' ],
15 silly audit   'shebang-regex': [ '3.0.0' ],
15 silly audit   'side-channel': [ '1.0.6' ],
15 silly audit   'signal-exit': [ '4.1.0' ],
15 silly audit   'simple-swizzle': [ '0.2.2' ],
15 silly audit   'source-map-js': [ '1.2.1' ],
15 silly audit   'stop-iteration-iterator': [ '1.0.0' ],
15 silly audit   streamsearch: [ '1.1.0' ],
15 silly audit   'string-width': [ '5.1.2', '4.2.3' ],
15 silly audit   'string.prototype.includes': [ '2.0.0' ],
15 silly audit   'string.prototype.matchall': [ '4.0.11' ],
15 silly audit   'string.prototype.repeat': [ '1.0.0' ],
15 silly audit   'string.prototype.trim': [ '1.2.9' ],
15 silly audit   'string.prototype.trimend': [ '1.0.8' ],
15 silly audit   'string.prototype.trimstart': [ '1.0.8' ],
15 silly audit   'strip-bom': [ '3.0.0' ],
15 silly audit   'strip-json-comments': [ '3.1.1' ],
15 silly audit   'styled-jsx': [ '5.1.1' ],
15 silly audit   sucrase: [ '3.35.0' ],
15 silly audit   'supports-color': [ '7.2.0' ],
15 silly audit   'supports-preserve-symlinks-flag': [ '1.0.0' ],
15 silly audit   'tailwind-merge': [ '2.5.4' ],
15 silly audit   tailwindcss: [ '3.4.13' ],
15 silly audit   tapable: [ '2.2.1' ],
15 silly audit   'text-table': [ '0.2.0' ],
15 silly audit   thenify: [ '3.3.1' ],
15 silly audit   'thenify-all': [ '1.6.0' ],
15 silly audit   'to-regex-range': [ '5.0.1' ],
15 silly audit   'ts-api-utils': [ '1.3.0' ],
15 silly audit   'ts-interface-checker': [ '0.1.13' ],
15 silly audit   'tsconfig-paths': [ '3.15.0' ],
15 silly audit   tslib: [ '2.7.0' ],
15 silly audit   'type-check': [ '0.4.0' ],
15 silly audit   'type-fest': [ '0.20.2' ],
15 silly audit   'typed-array-buffer': [ '1.0.2' ],
15 silly audit   'typed-array-byte-length': [ '1.0.1' ],
15 silly audit   'typed-array-byte-offset': [ '1.0.2' ],
15 silly audit   'typed-array-length': [ '1.0.6' ],
15 silly audit   typescript: [ '5.6.3' ],
15 silly audit   'unbox-primitive': [ '1.0.2' ],
15 silly audit   'uri-js': [ '4.4.1' ],
15 silly audit   'util-deprecate': [ '1.0.2' ],
15 silly audit   which: [ '2.0.2' ],
15 silly audit   'which-boxed-primitive': [ '1.0.2' ],
15 silly audit   'which-builtin-type': [ '1.1.4' ],
15 silly audit   'which-collection': [ '1.0.2' ],
15 silly audit   'which-typed-array': [ '1.1.15' ],
15 silly audit   'word-wrap': [ '1.2.5' ],
15 silly audit   'wrap-ansi': [ '8.1.0', '7.0.0' ],
15 silly audit   wrappy: [ '1.0.2' ],
15 silly audit   yaml: [ '2.5.1' ],
15 silly audit   'yocto-queue': [ '0.1.0' ]
15 silly audit }
16 verbose reify failed optional dependency /Users/mac/Desktop/vscode/portfolio/node_modules/@img/sharp-win32-x64
17 silly reify mark deleted [
17 silly reify   '/Users/mac/Desktop/vscode/portfolio/node_modules/@img/sharp-win32-x64'
17 silly reify ]
18 verbose reify failed optional dependency /Users/mac/Desktop/vscode/portfolio/node_modules/@img/sharp-win32-ia32
19 silly reify mark deleted [
19 silly reify   '/Users/mac/Desktop/vscode/portfolio/node_modules/@img/sharp-win32-ia32'
19 silly reify ]
20 verbose reify failed optional dependency /Users/mac/Desktop/vscode/portfolio/node_modules/@img/sharp-wasm32
21 silly reify mark deleted [
21 silly reify   '/Users/mac/Desktop/vscode/portfolio/node_modules/@img/sharp-wasm32'
21 silly reify ]
22 verbose reify failed optional dependency /Users/mac/Desktop/vscode/portfolio/node_modules/@emnapi/runtime
23 silly reify mark deleted [ '/Users/mac/Desktop/vscode/portfolio/node_modules/@emnapi/runtime' ]
24 verbose reify failed optional dependency /Users/mac/Desktop/vscode/portfolio/node_modules/@img/sharp-linuxmusl-x64
25 silly reify mark deleted [
25 silly reify   '/Users/mac/Desktop/vscode/portfolio/node_modules/@img/sharp-linuxmusl-x64'
25 silly reify ]
26 verbose reify failed optional dependency /Users/mac/Desktop/vscode/portfolio/node_modules/@img/sharp-linuxmusl-arm64
27 silly reify mark deleted [
27 silly reify   '/Users/mac/Desktop/vscode/portfolio/node_modules/@img/sharp-linuxmusl-arm64'
27 silly reify ]
28 verbose reify failed optional dependency /Users/mac/Desktop/vscode/portfolio/node_modules/@img/sharp-linux-x64
29 silly reify mark deleted [
29 silly reify   '/Users/mac/Desktop/vscode/portfolio/node_modules/@img/sharp-linux-x64'
29 silly reify ]
30 verbose reify failed optional dependency /Users/mac/Desktop/vscode/portfolio/node_modules/@img/sharp-linux-s390x
31 silly reify mark deleted [
31 silly reify   '/Users/mac/Desktop/vscode/portfolio/node_modules/@img/sharp-linux-s390x'
31 silly reify ]
32 verbose reify failed optional dependency /Users/mac/Desktop/vscode/portfolio/node_modules/@img/sharp-linux-arm64
33 silly reify mark deleted [
33 silly reify   '/Users/mac/Desktop/vscode/portfolio/node_modules/@img/sharp-linux-arm64'
33 silly reify ]
34 verbose reify failed optional dependency /Users/mac/Desktop/vscode/portfolio/node_modules/@img/sharp-linux-arm
35 silly reify mark deleted [
35 silly reify   '/Users/mac/Desktop/vscode/portfolio/node_modules/@img/sharp-linux-arm'
35 silly reify ]
36 verbose reify failed optional dependency /Users/mac/Desktop/vscode/portfolio/node_modules/@img/sharp-libvips-linuxmusl-x64
37 silly reify mark deleted [
37 silly reify   '/Users/mac/Desktop/vscode/portfolio/node_modules/@img/sharp-libvips-linuxmusl-x64'
37 silly reify ]
38 verbose reify failed optional dependency /Users/mac/Desktop/vscode/portfolio/node_modules/@img/sharp-libvips-linuxmusl-arm64
39 silly reify mark deleted [
39 silly reify   '/Users/mac/Desktop/vscode/portfolio/node_modules/@img/sharp-libvips-linuxmusl-arm64'
39 silly reify ]
40 verbose reify failed optional dependency /Users/mac/Desktop/vscode/portfolio/node_modules/@img/sharp-libvips-linux-x64
41 silly reify mark deleted [
41 silly reify   '/Users/mac/Desktop/vscode/portfolio/node_modules/@img/sharp-libvips-linux-x64'
41 silly reify ]
42 verbose reify failed optional dependency /Users/mac/Desktop/vscode/portfolio/node_modules/@img/sharp-libvips-linux-s390x
43 silly reify mark deleted [
43 silly reify   '/Users/mac/Desktop/vscode/portfolio/node_modules/@img/sharp-libvips-linux-s390x'
43 silly reify ]
44 verbose reify failed optional dependency /Users/mac/Desktop/vscode/portfolio/node_modules/@img/sharp-libvips-linux-arm64
45 silly reify mark deleted [
45 silly reify   '/Users/mac/Desktop/vscode/portfolio/node_modules/@img/sharp-libvips-linux-arm64'
45 silly reify ]
46 verbose reify failed optional dependency /Users/mac/Desktop/vscode/portfolio/node_modules/@img/sharp-libvips-linux-arm
47 silly reify mark deleted [
47 silly reify   '/Users/mac/Desktop/vscode/portfolio/node_modules/@img/sharp-libvips-linux-arm'
47 silly reify ]
48 verbose reify failed optional dependency /Users/mac/Desktop/vscode/portfolio/node_modules/@img/sharp-libvips-darwin-arm64
49 silly reify mark deleted [
49 silly reify   '/Users/mac/Desktop/vscode/portfolio/node_modules/@img/sharp-libvips-darwin-arm64'
49 silly reify ]
50 verbose reify failed optional dependency /Users/mac/Desktop/vscode/portfolio/node_modules/@img/sharp-darwin-arm64
51 silly reify mark deleted [
51 silly reify   '/Users/mac/Desktop/vscode/portfolio/node_modules/@img/sharp-darwin-arm64'
51 silly reify ]
52 silly tarball no local data for @emnapi/runtime@https://registry.npmjs.org/@emnapi/runtime/-/runtime-1.3.1.tgz. Extracting by manifest.
53 http fetch GET 200 https://registry.npmjs.org/@emnapi/runtime/-/runtime-1.3.1.tgz 165ms (cache miss)
54 http fetch POST 200 https://registry.npmjs.org/-/npm/v1/security/advisories/bulk 359ms
55 silly audit report {}
56 silly ADD
57 silly ADD
58 silly ADD
59 silly ADD
60 silly ADD
61 silly ADD
62 silly ADD
63 silly ADD
64 silly ADD
65 silly ADD
66 silly ADD
67 silly ADD
68 silly ADD
69 silly ADD
70 silly ADD
71 silly ADD
72 silly ADD
73 silly ADD
74 verbose cwd /Users/mac/Desktop/vscode/portfolio
75 verbose os Darwin 24.0.0
76 verbose node v20.18.0
77 verbose npm  v10.8.2
78 verbose exit 0
79 info ok
