0 verbose cli /usr/local/bin/node /usr/local/bin/npm
1 info using npm@10.8.2
2 info using node@v20.18.0
3 silly config load:file:/usr/local/lib/node_modules/npm/npmrc
4 silly config load:file:/Users/mac/Desktop/vscode/portfolio/.npmrc
5 silly config load:file:/Users/mac/.npmrc
6 silly config load:file:/usr/local/etc/npmrc
7 verbose title npm outdated
8 verbose argv "outdated"
9 verbose logfile logs-max:10 dir:/Users/mac/Desktop/vscode/portfolio/npx-shit/_logs/2024-10-14T12_43_10_385Z-
10 verbose logfile /Users/mac/Desktop/vscode/portfolio/npx-shit/_logs/2024-10-14T12_43_10_385Z-debug-0.log
11 silly packumentCache heap:2197815296 maxSize:549453824 maxEntrySize:274726912
12 silly logfile start cleaning logs, removing 1 files
13 silly logfile done cleaning log files
14 http fetch GET 200 https://registry.npmjs.org/clsx 323ms (cache miss)
15 http fetch GET 200 https://registry.npmjs.org/tailwind-merge 481ms (cache miss)
16 http fetch GET 200 https://registry.npmjs.org/react-icons 607ms (cache miss)
17 http fetch GET 200 https://registry.npmjs.org/next 644ms (cache miss)
18 http fetch GET 200 https://registry.npmjs.org/framer-motion 933ms (cache miss)
19 http fetch GET 200 https://registry.npmjs.org/eslint 962ms (cache miss)
20 http fetch GET 200 https://registry.npmjs.org/postcss 987ms (cache miss)
21 http fetch GET 200 https://registry.npmjs.org/react 996ms (cache miss)
22 http fetch GET 200 https://registry.npmjs.org/eslint-config-next 1039ms (cache miss)
23 http fetch GET 200 https://registry.npmjs.org/react-dom 1068ms (cache miss)
24 http fetch GET 200 https://registry.npmjs.org/tailwindcss 1085ms (cache miss)
25 verbose cwd /Users/mac/Desktop/vscode/portfolio
26 verbose os Darwin 24.0.0
27 verbose node v20.18.0
28 verbose npm  v10.8.2
29 verbose exit 1
30 verbose code 1
