0 verbose cli /usr/local/bin/node /usr/local/bin/npm
1 info using npm@10.8.2
2 info using node@v20.18.0
3 silly config load:file:/usr/local/lib/node_modules/npm/npmrc
4 silly config load:file:/Users/mac/Desktop/vscode/portfolio/.npmrc
5 silly config load:file:/Users/mac/.npmrc
6 silly config load:file:/usr/local/etc/npmrc
7 verbose title npm install
8 verbose argv "install"
9 verbose logfile logs-max:10 dir:/Users/mac/Desktop/vscode/portfolio/npx-shit/_logs/2024-10-14T12_38_05_059Z-
10 verbose logfile /Users/mac/Desktop/vscode/portfolio/npx-shit/_logs/2024-10-14T12_38_05_059Z-debug-0.log
11 silly packumentCache heap:2197815296 maxSize:549453824 maxEntrySize:274726912
12 silly logfile done cleaning log files
13 silly idealTree buildDeps
14 silly reify moves {}
15 verbose stack Error: Could not read package.json: Error: ENOENT: no such file or directory, open '/Users/mac/Desktop/vscode/portfolio/package.json'
15 verbose stack     at async open (node:internal/fs/promises:639:25)
15 verbose stack     at async readFile (node:internal/fs/promises:1242:14)
15 verbose stack     at async read (/usr/local/lib/node_modules/npm/node_modules/@npmcli/package-json/lib/read-package.js:9:18)
15 verbose stack     at async PackageJson.load (/usr/local/lib/node_modules/npm/node_modules/@npmcli/package-json/lib/index.js:130:31)
15 verbose stack     at async PackageJson.normalize (/usr/local/lib/node_modules/npm/node_modules/@npmcli/package-json/lib/index.js:116:5)
15 verbose stack     at async runScript (/usr/local/lib/node_modules/npm/node_modules/@npmcli/run-script/lib/run-script.js:11:28)
15 verbose stack     at async Install.exec (/usr/local/lib/node_modules/npm/lib/commands/install.js:163:9)
15 verbose stack     at async Npm.exec (/usr/local/lib/node_modules/npm/lib/npm.js:207:9)
15 verbose stack     at async module.exports (/usr/local/lib/node_modules/npm/lib/cli/entry.js:74:5)
16 error code ENOENT
17 error syscall open
18 error path /Users/mac/Desktop/vscode/portfolio/package.json
19 error errno -2
20 error enoent Could not read package.json: Error: ENOENT: no such file or directory, open '/Users/mac/Desktop/vscode/portfolio/package.json'
21 error enoent This is related to npm not being able to find a file.
21 error enoent
22 verbose cwd /Users/mac/Desktop/vscode/portfolio
23 verbose os Darwin 24.0.0
24 verbose node v20.18.0
25 verbose npm  v10.8.2
26 verbose exit -2
27 verbose code -2
28 error A complete log of this run can be found in: /Users/mac/Desktop/vscode/portfolio/npx-shit/_logs/2024-10-14T12_38_05_059Z-debug-0.log
