0 verbose cli /usr/local/bin/node /usr/local/bin/npm
1 info using npm@10.8.2
2 info using node@v20.18.0
3 silly config load:file:/usr/local/lib/node_modules/npm/npmrc
4 silly config load:file:/Users/mac/Desktop/vscode/portfolio/.npmrc
5 silly config load:file:/Users/mac/.npmrc
6 silly config load:file:/usr/local/etc/npmrc
7 verbose title npm i sharp
8 verbose argv "i" "sharp"
9 verbose logfile logs-max:10 dir:/Users/mac/Desktop/vscode/portfolio/npx-shit/_logs/2024-10-14T13_00_42_263Z-
10 verbose logfile /Users/mac/Desktop/vscode/portfolio/npx-shit/_logs/2024-10-14T13_00_42_263Z-debug-0.log
11 silly packumentCache heap:2197815296 maxSize:549453824 maxEntrySize:274726912
12 silly logfile start cleaning logs, removing 1 files
13 silly logfile done cleaning log files
14 silly idealTree buildDeps
15 silly fetch manifest sharp@*
16 silly packumentCache full:https://registry.npmjs.org/sharp cache-miss
17 http fetch GET 200 https://registry.npmjs.org/sharp 303ms (cache miss)
18 silly packumentCache full:https://registry.npmjs.org/sharp set size:undefined disposed:false
19 silly placeDep ROOT sharp@0.33.5 OK for: portfolio@0.1.0 want: *
20 silly fetch manifest color@^4.2.3
21 silly packumentCache full:https://registry.npmjs.org/color cache-miss
22 silly fetch manifest detect-libc@^2.0.3
23 silly packumentCache full:https://registry.npmjs.org/detect-libc cache-miss
24 silly fetch manifest @img/sharp-wasm32@0.33.5
25 silly packumentCache full:https://registry.npmjs.org/@img%2fsharp-wasm32 cache-miss
26 silly fetch manifest @img/sharp-linux-arm@0.33.5
27 silly packumentCache full:https://registry.npmjs.org/@img%2fsharp-linux-arm cache-miss
28 silly fetch manifest @img/sharp-linux-x64@0.33.5
29 silly packumentCache full:https://registry.npmjs.org/@img%2fsharp-linux-x64 cache-miss
30 silly fetch manifest @img/sharp-win32-x64@0.33.5
31 silly packumentCache full:https://registry.npmjs.org/@img%2fsharp-win32-x64 cache-miss
32 silly fetch manifest @img/sharp-darwin-x64@0.33.5
33 silly packumentCache full:https://registry.npmjs.org/@img%2fsharp-darwin-x64 cache-miss
34 http fetch GET 200 https://registry.npmjs.org/color 61ms (cache miss)
35 silly packumentCache full:https://registry.npmjs.org/color set size:undefined disposed:false
36 silly fetch manifest @img/sharp-win32-ia32@0.33.5
37 silly packumentCache full:https://registry.npmjs.org/@img%2fsharp-win32-ia32 cache-miss
38 http fetch GET 200 https://registry.npmjs.org/detect-libc 86ms (cache miss)
39 silly packumentCache full:https://registry.npmjs.org/detect-libc set size:undefined disposed:false
40 silly fetch manifest @img/sharp-linux-arm64@0.33.5
41 silly packumentCache full:https://registry.npmjs.org/@img%2fsharp-linux-arm64 cache-miss
42 http fetch GET 200 https://registry.npmjs.org/@img%2fsharp-darwin-x64 151ms (cache miss)
43 silly packumentCache full:https://registry.npmjs.org/@img%2fsharp-darwin-x64 set size:undefined disposed:false
44 silly fetch manifest @img/sharp-linux-s390x@0.33.5
45 silly packumentCache full:https://registry.npmjs.org/@img%2fsharp-linux-s390x cache-miss
46 http fetch GET 200 https://registry.npmjs.org/@img%2fsharp-win32-ia32 264ms (cache miss)
47 silly packumentCache full:https://registry.npmjs.org/@img%2fsharp-win32-ia32 set size:undefined disposed:false
48 silly fetch manifest @img/sharp-darwin-arm64@0.33.5
49 silly packumentCache full:https://registry.npmjs.org/@img%2fsharp-darwin-arm64 cache-miss
50 http fetch GET 200 https://registry.npmjs.org/@img%2fsharp-win32-x64 330ms (cache miss)
51 silly packumentCache full:https://registry.npmjs.org/@img%2fsharp-win32-x64 set size:undefined disposed:false
52 silly fetch manifest @img/sharp-linuxmusl-x64@0.33.5
53 silly packumentCache full:https://registry.npmjs.org/@img%2fsharp-linuxmusl-x64 cache-miss
54 http fetch GET 200 https://registry.npmjs.org/@img%2fsharp-linux-arm64 272ms (cache miss)
55 silly packumentCache full:https://registry.npmjs.org/@img%2fsharp-linux-arm64 set size:undefined disposed:false
56 silly fetch manifest @img/sharp-linuxmusl-arm64@0.33.5
57 silly packumentCache full:https://registry.npmjs.org/@img%2fsharp-linuxmusl-arm64 cache-miss
58 http fetch GET 200 https://registry.npmjs.org/@img%2fsharp-wasm32 365ms (cache miss)
59 silly packumentCache full:https://registry.npmjs.org/@img%2fsharp-wasm32 set size:undefined disposed:false
60 silly fetch manifest @img/sharp-libvips-linux-arm@1.0.5
61 silly packumentCache full:https://registry.npmjs.org/@img%2fsharp-libvips-linux-arm cache-miss
62 http fetch GET 200 https://registry.npmjs.org/@img%2fsharp-linux-arm 402ms (cache miss)
63 silly packumentCache full:https://registry.npmjs.org/@img%2fsharp-linux-arm set size:undefined disposed:false
64 silly fetch manifest @img/sharp-libvips-linux-x64@1.0.4
65 silly packumentCache full:https://registry.npmjs.org/@img%2fsharp-libvips-linux-x64 cache-miss
66 http fetch GET 200 https://registry.npmjs.org/@img%2fsharp-linuxmusl-x64 77ms (cache miss)
67 silly packumentCache full:https://registry.npmjs.org/@img%2fsharp-linuxmusl-x64 set size:undefined disposed:false
68 silly fetch manifest @img/sharp-libvips-darwin-x64@1.0.4
69 silly packumentCache full:https://registry.npmjs.org/@img%2fsharp-libvips-darwin-x64 cache-miss
70 http fetch GET 200 https://registry.npmjs.org/@img%2fsharp-linuxmusl-arm64 78ms (cache miss)
71 silly packumentCache full:https://registry.npmjs.org/@img%2fsharp-linuxmusl-arm64 set size:undefined disposed:false
72 silly fetch manifest @img/sharp-libvips-linux-arm64@1.0.4
73 silly packumentCache full:https://registry.npmjs.org/@img%2fsharp-libvips-linux-arm64 cache-miss
74 http fetch GET 200 https://registry.npmjs.org/@img%2fsharp-linux-s390x 304ms (cache miss)
75 silly packumentCache full:https://registry.npmjs.org/@img%2fsharp-linux-s390x set size:undefined disposed:false
76 silly fetch manifest @img/sharp-libvips-linux-s390x@1.0.4
77 silly packumentCache full:https://registry.npmjs.org/@img%2fsharp-libvips-linux-s390x cache-miss
78 http fetch GET 200 https://registry.npmjs.org/@img%2fsharp-libvips-darwin-x64 70ms (cache miss)
79 silly packumentCache full:https://registry.npmjs.org/@img%2fsharp-libvips-darwin-x64 set size:undefined disposed:false
80 silly fetch manifest @img/sharp-libvips-darwin-arm64@1.0.4
81 silly packumentCache full:https://registry.npmjs.org/@img%2fsharp-libvips-darwin-arm64 cache-miss
82 http fetch GET 200 https://registry.npmjs.org/@img%2fsharp-libvips-darwin-arm64 77ms (cache miss)
83 silly packumentCache full:https://registry.npmjs.org/@img%2fsharp-libvips-darwin-arm64 set size:undefined disposed:false
84 silly fetch manifest @img/sharp-libvips-linuxmusl-x64@1.0.4
85 silly packumentCache full:https://registry.npmjs.org/@img%2fsharp-libvips-linuxmusl-x64 cache-miss
86 http fetch GET 200 https://registry.npmjs.org/@img%2fsharp-darwin-arm64 296ms (cache miss)
87 silly packumentCache full:https://registry.npmjs.org/@img%2fsharp-darwin-arm64 set size:undefined disposed:false
88 silly fetch manifest @img/sharp-libvips-linuxmusl-arm64@1.0.4
89 silly packumentCache full:https://registry.npmjs.org/@img%2fsharp-libvips-linuxmusl-arm64 cache-miss
90 http fetch GET 200 https://registry.npmjs.org/@img%2fsharp-libvips-linuxmusl-x64 85ms (cache miss)
91 silly packumentCache full:https://registry.npmjs.org/@img%2fsharp-libvips-linuxmusl-x64 set size:undefined disposed:false
92 http fetch GET 200 https://registry.npmjs.org/@img%2fsharp-libvips-linux-arm 290ms (cache miss)
93 silly packumentCache full:https://registry.npmjs.org/@img%2fsharp-libvips-linux-arm set size:undefined disposed:false
94 http fetch GET 200 https://registry.npmjs.org/@img%2fsharp-libvips-linux-x64 309ms (cache miss)
95 silly packumentCache full:https://registry.npmjs.org/@img%2fsharp-libvips-linux-x64 set size:undefined disposed:false
96 http fetch GET 200 https://registry.npmjs.org/@img%2fsharp-libvips-linuxmusl-arm64 87ms (cache miss)
97 silly packumentCache full:https://registry.npmjs.org/@img%2fsharp-libvips-linuxmusl-arm64 set size:undefined disposed:false
98 http fetch GET 200 https://registry.npmjs.org/@img%2fsharp-libvips-linux-arm64 286ms (cache miss)
99 silly packumentCache full:https://registry.npmjs.org/@img%2fsharp-libvips-linux-arm64 set size:undefined disposed:false
100 http fetch GET 200 https://registry.npmjs.org/@img%2fsharp-libvips-linux-s390x 269ms (cache miss)
101 silly packumentCache full:https://registry.npmjs.org/@img%2fsharp-libvips-linux-s390x set size:undefined disposed:false
102 http fetch GET 200 https://registry.npmjs.org/@img%2fsharp-linux-x64 888ms (cache miss)
103 silly packumentCache full:https://registry.npmjs.org/@img%2fsharp-linux-x64 set size:undefined disposed:false
104 silly placeDep ROOT @img/sharp-darwin-arm64@0.33.5 OK for: sharp@0.33.5 want: 0.33.5
105 silly placeDep ROOT @img/sharp-darwin-x64@0.33.5 OK for: sharp@0.33.5 want: 0.33.5
106 silly placeDep ROOT @img/sharp-libvips-darwin-arm64@1.0.4 OK for: sharp@0.33.5 want: 1.0.4
107 silly placeDep ROOT @img/sharp-libvips-darwin-x64@1.0.4 OK for: sharp@0.33.5 want: 1.0.4
108 silly placeDep ROOT @img/sharp-libvips-linux-arm@1.0.5 OK for: sharp@0.33.5 want: 1.0.5
109 silly placeDep ROOT @img/sharp-libvips-linux-arm64@1.0.4 OK for: sharp@0.33.5 want: 1.0.4
110 silly placeDep ROOT @img/sharp-libvips-linux-s390x@1.0.4 OK for: sharp@0.33.5 want: 1.0.4
111 silly placeDep ROOT @img/sharp-libvips-linux-x64@1.0.4 OK for: sharp@0.33.5 want: 1.0.4
112 silly placeDep ROOT @img/sharp-libvips-linuxmusl-arm64@1.0.4 OK for: sharp@0.33.5 want: 1.0.4
113 silly placeDep ROOT @img/sharp-libvips-linuxmusl-x64@1.0.4 OK for: sharp@0.33.5 want: 1.0.4
114 silly placeDep ROOT @img/sharp-linux-arm@0.33.5 OK for: sharp@0.33.5 want: 0.33.5
115 silly placeDep ROOT @img/sharp-linux-arm64@0.33.5 OK for: sharp@0.33.5 want: 0.33.5
116 silly placeDep ROOT @img/sharp-linux-s390x@0.33.5 OK for: sharp@0.33.5 want: 0.33.5
117 silly placeDep ROOT @img/sharp-linux-x64@0.33.5 OK for: sharp@0.33.5 want: 0.33.5
118 silly placeDep ROOT @img/sharp-linuxmusl-arm64@0.33.5 OK for: sharp@0.33.5 want: 0.33.5
119 silly placeDep ROOT @img/sharp-linuxmusl-x64@0.33.5 OK for: sharp@0.33.5 want: 0.33.5
120 silly placeDep ROOT @img/sharp-wasm32@0.33.5 OK for: sharp@0.33.5 want: 0.33.5
121 silly placeDep ROOT @img/sharp-win32-ia32@0.33.5 OK for: sharp@0.33.5 want: 0.33.5
122 silly placeDep ROOT @img/sharp-win32-x64@0.33.5 OK for: sharp@0.33.5 want: 0.33.5
123 silly placeDep ROOT color@4.2.3 OK for: sharp@0.33.5 want: ^4.2.3
124 silly placeDep ROOT detect-libc@2.0.3 OK for: sharp@0.33.5 want: ^2.0.3
125 silly fetch manifest @emnapi/runtime@^1.2.0
126 silly packumentCache full:https://registry.npmjs.org/@emnapi%2fruntime cache-miss
127 silly fetch manifest color-string@^1.9.0
128 silly packumentCache full:https://registry.npmjs.org/color-string cache-miss
129 http fetch GET 200 https://registry.npmjs.org/color-string 41ms (cache miss)
130 silly packumentCache full:https://registry.npmjs.org/color-string set size:undefined disposed:false
131 http fetch GET 200 https://registry.npmjs.org/@emnapi%2fruntime 85ms (cache miss)
132 silly packumentCache full:https://registry.npmjs.org/@emnapi%2fruntime set size:undefined disposed:false
133 silly placeDep ROOT @emnapi/runtime@1.3.1 OK for: @img/sharp-wasm32@0.33.5 want: ^1.2.0
134 silly placeDep ROOT color-string@1.9.1 OK for: color@4.2.3 want: ^1.9.0
135 silly fetch manifest simple-swizzle@^0.2.2
136 silly packumentCache full:https://registry.npmjs.org/simple-swizzle cache-miss
137 http fetch GET 200 https://registry.npmjs.org/simple-swizzle 41ms (cache miss)
138 silly packumentCache full:https://registry.npmjs.org/simple-swizzle set size:undefined disposed:false
139 silly placeDep ROOT simple-swizzle@0.2.2 OK for: color-string@1.9.1 want: ^0.2.2
140 silly fetch manifest is-arrayish@^0.3.1
141 silly packumentCache full:https://registry.npmjs.org/is-arrayish cache-miss
142 http fetch GET 200 https://registry.npmjs.org/is-arrayish 56ms (cache miss)
143 silly packumentCache full:https://registry.npmjs.org/is-arrayish set size:undefined disposed:false
144 silly placeDep ROOT is-arrayish@0.3.2 OK for: simple-swizzle@0.2.2 want: ^0.3.1
145 silly reify moves {}
146 silly audit bulk request {
146 silly audit   '@alloc/quick-lru': [ '5.2.0' ],
146 silly audit   '@eslint-community/eslint-utils': [ '4.4.0' ],
146 silly audit   '@eslint-community/regexpp': [ '4.11.1' ],
146 silly audit   '@eslint/eslintrc': [ '2.1.4' ],
146 silly audit   '@eslint/js': [ '8.57.1' ],
146 silly audit   '@humanwhocodes/config-array': [ '0.13.0' ],
146 silly audit   '@humanwhocodes/module-importer': [ '1.0.1' ],
146 silly audit   '@humanwhocodes/object-schema': [ '2.0.3' ],
146 silly audit   '@isaacs/cliui': [ '8.0.2' ],
146 silly audit   'ansi-regex': [ '6.1.0', '5.0.1' ],
146 silly audit   'strip-ansi': [ '7.1.0', '6.0.1' ],
146 silly audit   '@jridgewell/gen-mapping': [ '0.3.5' ],
146 silly audit   '@jridgewell/resolve-uri': [ '3.1.2' ],
146 silly audit   '@jridgewell/set-array': [ '1.2.1' ],
146 silly audit   '@jridgewell/sourcemap-codec': [ '1.5.0' ],
146 silly audit   '@jridgewell/trace-mapping': [ '0.3.25' ],
146 silly audit   '@next/env': [ '14.2.15' ],
146 silly audit   '@next/eslint-plugin-next': [ '14.2.15' ],
146 silly audit   '@next/swc-darwin-x64': [ '14.2.15' ],
146 silly audit   '@nodelib/fs.scandir': [ '2.1.5' ],
146 silly audit   '@nodelib/fs.stat': [ '2.0.5' ],
146 silly audit   '@nodelib/fs.walk': [ '1.2.8' ],
146 silly audit   '@nolyfill/is-core-module': [ '1.0.39' ],
146 silly audit   '@pkgjs/parseargs': [ '0.11.0' ],
146 silly audit   '@rtsao/scc': [ '1.1.0' ],
146 silly audit   '@rushstack/eslint-patch': [ '1.10.4' ],
146 silly audit   '@swc/counter': [ '0.1.3' ],
146 silly audit   '@swc/helpers': [ '0.5.5' ],
146 silly audit   '@types/json5': [ '0.0.29' ],
146 silly audit   '@typescript-eslint/eslint-plugin': [ '8.8.1' ],
146 silly audit   '@typescript-eslint/parser': [ '8.8.1' ],
146 silly audit   '@typescript-eslint/scope-manager': [ '8.8.1' ],
146 silly audit   '@typescript-eslint/type-utils': [ '8.8.1' ],
146 silly audit   '@typescript-eslint/types': [ '8.8.1' ],
146 silly audit   '@typescript-eslint/typescript-estree': [ '8.8.1' ],
146 silly audit   'brace-expansion': [ '2.0.1', '1.1.11' ],
146 silly audit   minimatch: [ '9.0.5', '3.1.2' ],
146 silly audit   '@typescript-eslint/utils': [ '8.8.1' ],
146 silly audit   '@typescript-eslint/visitor-keys': [ '8.8.1' ],
146 silly audit   '@ungap/structured-clone': [ '1.2.0' ],
146 silly audit   acorn: [ '8.12.1' ],
146 silly audit   'acorn-jsx': [ '5.3.2' ],
146 silly audit   ajv: [ '6.12.6' ],
146 silly audit   'ansi-styles': [ '4.3.0', '6.2.1' ],
146 silly audit   'any-promise': [ '1.3.0' ],
146 silly audit   anymatch: [ '3.1.3' ],
146 silly audit   arg: [ '5.0.2' ],
146 silly audit   argparse: [ '2.0.1' ],
146 silly audit   'aria-query': [ '5.1.3' ],
146 silly audit   'array-buffer-byte-length': [ '1.0.1' ],
146 silly audit   'array-includes': [ '3.1.8' ],
146 silly audit   'array.prototype.findlast': [ '1.2.5' ],
146 silly audit   'array.prototype.findlastindex': [ '1.2.5' ],
146 silly audit   'array.prototype.flat': [ '1.3.2' ],
146 silly audit   'array.prototype.flatmap': [ '1.3.2' ],
146 silly audit   'array.prototype.tosorted': [ '1.1.4' ],
146 silly audit   'arraybuffer.prototype.slice': [ '1.0.3' ],
146 silly audit   'ast-types-flow': [ '0.0.8' ],
146 silly audit   'available-typed-arrays': [ '1.0.7' ],
146 silly audit   'axe-core': [ '4.10.0' ],
146 silly audit   'axobject-query': [ '4.1.0' ],
146 silly audit   'balanced-match': [ '1.0.2' ],
146 silly audit   'binary-extensions': [ '2.3.0' ],
146 silly audit   braces: [ '3.0.3' ],
146 silly audit   busboy: [ '1.6.0' ],
146 silly audit   'call-bind': [ '1.0.7' ],
146 silly audit   callsites: [ '3.1.0' ],
146 silly audit   'camelcase-css': [ '2.0.1' ],
146 silly audit   'caniuse-lite': [ '1.0.30001667' ],
146 silly audit   chalk: [ '4.1.2' ],
146 silly audit   chokidar: [ '3.6.0' ],
146 silly audit   'glob-parent': [ '5.1.2', '6.0.2' ],
146 silly audit   'client-only': [ '0.0.1' ],
146 silly audit   clsx: [ '2.1.1' ],
146 silly audit   'color-convert': [ '2.0.1' ],
146 silly audit   'color-name': [ '1.1.4' ],
146 silly audit   commander: [ '4.1.1' ],
146 silly audit   'concat-map': [ '0.0.1' ],
146 silly audit   'cross-spawn': [ '7.0.3' ],
146 silly audit   cssesc: [ '3.0.0' ],
146 silly audit   'damerau-levenshtein': [ '1.0.8' ],
146 silly audit   'data-view-buffer': [ '1.0.1' ],
146 silly audit   'data-view-byte-length': [ '1.0.1' ],
146 silly audit   'data-view-byte-offset': [ '1.0.0' ],
146 silly audit   debug: [ '4.3.7', '3.2.7' ],
146 silly audit   'deep-equal': [ '2.2.3' ],
146 silly audit   'deep-is': [ '0.1.4' ],
146 silly audit   'define-data-property': [ '1.1.4' ],
146 silly audit   'define-properties': [ '1.2.1' ],
146 silly audit   didyoumean: [ '1.2.2' ],
146 silly audit   dlv: [ '1.1.3' ],
146 silly audit   doctrine: [ '3.0.0', '2.1.0' ],
146 silly audit   eastasianwidth: [ '0.2.0' ],
146 silly audit   'emoji-regex': [ '9.2.2', '8.0.0' ],
146 silly audit   'enhanced-resolve': [ '5.17.1' ],
146 silly audit   'es-abstract': [ '1.23.3' ],
146 silly audit   'es-define-property': [ '1.0.0' ],
146 silly audit   'es-errors': [ '1.3.0' ],
146 silly audit   'es-get-iterator': [ '1.1.3' ],
146 silly audit   'es-iterator-helpers': [ '1.1.0' ],
146 silly audit   'es-object-atoms': [ '1.0.0' ],
146 silly audit   'es-set-tostringtag': [ '2.0.3' ],
146 silly audit   'es-shim-unscopables': [ '1.0.2' ],
146 silly audit   'es-to-primitive': [ '1.2.1' ],
146 silly audit   'escape-string-regexp': [ '4.0.0' ],
146 silly audit   eslint: [ '8.57.1' ],
146 silly audit   'eslint-config-next': [ '14.2.15' ],
146 silly audit   'eslint-import-resolver-node': [ '0.3.9' ],
146 silly audit   'eslint-import-resolver-typescript': [ '3.6.3' ],
146 silly audit   'eslint-module-utils': [ '2.12.0' ],
146 silly audit   'eslint-plugin-import': [ '2.31.0' ],
146 silly audit   semver: [ '6.3.1', '7.6.3' ],
146 silly audit   'eslint-plugin-jsx-a11y': [ '6.10.0' ],
146 silly audit   'eslint-plugin-react': [ '7.37.1' ],
146 silly audit   'eslint-plugin-react-hooks': [ '4.6.2' ],
146 silly audit   resolve: [ '2.0.0-next.5', '1.22.8' ],
146 silly audit   'eslint-scope': [ '7.2.2' ],
146 silly audit   'eslint-visitor-keys': [ '3.4.3' ],
146 silly audit   espree: [ '9.6.1' ],
146 silly audit   esquery: [ '1.6.0' ],
146 silly audit   esrecurse: [ '4.3.0' ],
146 silly audit   estraverse: [ '5.3.0' ],
146 silly audit   esutils: [ '2.0.3' ],
146 silly audit   'fast-deep-equal': [ '3.1.3' ],
146 silly audit   'fast-glob': [ '3.3.2' ],
146 silly audit   'fast-json-stable-stringify': [ '2.1.0' ],
146 silly audit   'fast-levenshtein': [ '2.0.6' ],
146 silly audit   fastq: [ '1.17.1' ],
146 silly audit   'file-entry-cache': [ '6.0.1' ],
146 silly audit   'fill-range': [ '7.1.1' ],
146 silly audit   'find-up': [ '5.0.0' ],
146 silly audit   'flat-cache': [ '3.2.0' ],
146 silly audit   flatted: [ '3.3.1' ],
146 silly audit   'for-each': [ '0.3.3' ],
146 silly audit   'foreground-child': [ '3.3.0' ],
146 silly audit   'framer-motion': [ '11.11.8' ],
146 silly audit   'fs.realpath': [ '1.0.0' ],
146 silly audit   fsevents: [ '2.3.3' ],
146 silly audit   'function-bind': [ '1.1.2' ],
146 silly audit   'function.prototype.name': [ '1.1.6' ],
146 silly audit   'functions-have-names': [ '1.2.3' ],
146 silly audit   'get-intrinsic': [ '1.2.4' ],
146 silly audit   'get-symbol-description': [ '1.0.2' ],
146 silly audit   'get-tsconfig': [ '4.8.1' ],
146 silly audit   glob: [ '10.3.10', '7.2.3' ],
146 silly audit   globals: [ '13.24.0' ],
146 silly audit   globalthis: [ '1.0.4' ],
146 silly audit   gopd: [ '1.0.1' ],
146 silly audit   'graceful-fs': [ '4.2.11' ],
146 silly audit   graphemer: [ '1.4.0' ],
146 silly audit   'has-bigints': [ '1.0.2' ],
146 silly audit   'has-flag': [ '4.0.0' ],
146 silly audit   'has-property-descriptors': [ '1.0.2' ],
146 silly audit   'has-proto': [ '1.0.3' ],
146 silly audit   'has-symbols': [ '1.0.3' ],
146 silly audit   'has-tostringtag': [ '1.0.2' ],
146 silly audit   hasown: [ '2.0.2' ],
146 silly audit   ignore: [ '5.3.2' ],
146 silly audit   'import-fresh': [ '3.3.0' ],
146 silly audit   imurmurhash: [ '0.1.4' ],
146 silly audit   inflight: [ '1.0.6' ],
146 silly audit   inherits: [ '2.0.4' ],
146 silly audit   'internal-slot': [ '1.0.7' ],
146 silly audit   'is-arguments': [ '1.1.1' ],
146 silly audit   'is-array-buffer': [ '3.0.4' ],
146 silly audit   'is-async-function': [ '2.0.0' ],
146 silly audit   'is-bigint': [ '1.0.4' ],
146 silly audit   'is-binary-path': [ '2.1.0' ],
146 silly audit   'is-boolean-object': [ '1.1.2' ],
146 silly audit   'is-bun-module': [ '1.2.1' ],
146 silly audit   'is-callable': [ '1.2.7' ],
146 silly audit   'is-core-module': [ '2.15.1' ],
146 silly audit   'is-data-view': [ '1.0.1' ],
146 silly audit   'is-date-object': [ '1.0.5' ],
146 silly audit   'is-extglob': [ '2.1.1' ],
146 silly audit   'is-finalizationregistry': [ '1.0.2' ],
146 silly audit   'is-fullwidth-code-point': [ '3.0.0' ],
146 silly audit   'is-generator-function': [ '1.0.10' ],
146 silly audit   'is-glob': [ '4.0.3' ],
146 silly audit   'is-map': [ '2.0.3' ],
146 silly audit   'is-negative-zero': [ '2.0.3' ],
146 silly audit   'is-number': [ '7.0.0' ],
146 silly audit   'is-number-object': [ '1.0.7' ],
146 silly audit   'is-path-inside': [ '3.0.3' ],
146 silly audit   'is-regex': [ '1.1.4' ],
146 silly audit   'is-set': [ '2.0.3' ],
146 silly audit   'is-shared-array-buffer': [ '1.0.3' ],
146 silly audit   'is-string': [ '1.0.7' ],
146 silly audit   'is-symbol': [ '1.0.4' ],
146 silly audit   'is-typed-array': [ '1.1.13' ],
146 silly audit   'is-weakmap': [ '2.0.2' ],
146 silly audit   'is-weakref': [ '1.0.2' ],
146 silly audit   'is-weakset': [ '2.0.3' ],
146 silly audit   isarray: [ '2.0.5' ],
146 silly audit   isexe: [ '2.0.0' ],
146 silly audit   'iterator.prototype': [ '1.1.3' ],
146 silly audit   jackspeak: [ '2.3.6' ],
146 silly audit   jiti: [ '1.21.6' ],
146 silly audit   'js-tokens': [ '4.0.0' ],
146 silly audit   'js-yaml': [ '4.1.0' ],
146 silly audit   'json-buffer': [ '3.0.1' ],
146 silly audit   'json-schema-traverse': [ '0.4.1' ],
146 silly audit   'json-stable-stringify-without-jsonify': [ '1.0.1' ],
146 silly audit   json5: [ '1.0.2' ],
146 silly audit   'jsx-ast-utils': [ '3.3.5' ],
146 silly audit   keyv: [ '4.5.4' ],
146 silly audit   'language-subtag-registry': [ '0.3.23' ],
146 silly audit   'language-tags': [ '1.0.9' ],
146 silly audit   levn: [ '0.4.1' ],
146 silly audit   lilconfig: [ '2.1.0', '3.1.2' ],
146 silly audit   'lines-and-columns': [ '1.2.4' ],
146 silly audit   'locate-path': [ '6.0.0' ],
146 silly audit   'lodash.merge': [ '4.6.2' ],
146 silly audit   'loose-envify': [ '1.4.0' ],
146 silly audit   'lru-cache': [ '10.4.3' ],
146 silly audit   merge2: [ '1.4.1' ],
146 silly audit   micromatch: [ '4.0.8' ],
146 silly audit   minimist: [ '1.2.8' ],
146 silly audit   minipass: [ '7.1.2' ],
146 silly audit   ms: [ '2.1.3' ],
146 silly audit   mz: [ '2.7.0' ],
146 silly audit   nanoid: [ '3.3.7' ],
146 silly audit   'natural-compare': [ '1.4.0' ],
146 silly audit   next: [ '14.2.15' ],
146 silly audit   postcss: [ '8.4.31', '8.4.47' ],
146 silly audit   'normalize-path': [ '3.0.0' ],
146 silly audit   'object-assign': [ '4.1.1' ],
146 silly audit   'object-hash': [ '3.0.0' ],
146 silly audit   'object-inspect': [ '1.13.2' ],
146 silly audit   'object-is': [ '1.1.6' ],
146 silly audit   'object-keys': [ '1.1.1' ],
146 silly audit   'object.assign': [ '4.1.5' ],
146 silly audit   'object.entries': [ '1.1.8' ],
146 silly audit   'object.fromentries': [ '2.0.8' ],
146 silly audit   'object.groupby': [ '1.0.3' ],
146 silly audit   'object.values': [ '1.2.0' ],
146 silly audit   once: [ '1.4.0' ],
146 silly audit   optionator: [ '0.9.4' ],
146 silly audit   'p-limit': [ '3.1.0' ],
146 silly audit   'p-locate': [ '5.0.0' ],
146 silly audit   'parent-module': [ '1.0.1' ],
146 silly audit   'path-exists': [ '4.0.0' ],
146 silly audit   'path-is-absolute': [ '1.0.1' ],
146 silly audit   'path-key': [ '3.1.1' ],
146 silly audit   'path-parse': [ '1.0.7' ],
146 silly audit   'path-scurry': [ '1.11.1' ],
146 silly audit   picocolors: [ '1.1.0' ],
146 silly audit   picomatch: [ '2.3.1' ],
146 silly audit   pify: [ '2.3.0' ],
146 silly audit   pirates: [ '4.0.6' ],
146 silly audit   'possible-typed-array-names': [ '1.0.0' ],
146 silly audit   'postcss-import': [ '15.1.0' ],
146 silly audit   'postcss-js': [ '4.0.1' ],
146 silly audit   'postcss-load-config': [ '4.0.2' ],
146 silly audit   'postcss-nested': [ '6.2.0' ],
146 silly audit   'postcss-selector-parser': [ '6.1.2' ],
146 silly audit   'postcss-value-parser': [ '4.2.0' ],
146 silly audit   'prelude-ls': [ '1.2.1' ],
146 silly audit   'prop-types': [ '15.8.1' ],
146 silly audit   punycode: [ '2.3.1' ],
146 silly audit   'queue-microtask': [ '1.2.3' ],
146 silly audit   react: [ '18.3.1' ],
146 silly audit   'react-dom': [ '18.3.1' ],
146 silly audit   'react-icons': [ '5.3.0' ],
146 silly audit   'react-is': [ '16.13.1' ],
146 silly audit   'read-cache': [ '1.0.0' ],
146 silly audit   readdirp: [ '3.6.0' ],
146 silly audit   'reflect.getprototypeof': [ '1.0.6' ],
146 silly audit   'regexp.prototype.flags': [ '1.5.3' ],
146 silly audit   'resolve-from': [ '4.0.0' ],
146 silly audit   'resolve-pkg-maps': [ '1.0.0' ],
146 silly audit   reusify: [ '1.0.4' ],
146 silly audit   rimraf: [ '3.0.2' ],
146 silly audit   'run-parallel': [ '1.2.0' ],
146 silly audit   'safe-array-concat': [ '1.1.2' ],
146 silly audit   'safe-regex-test': [ '1.0.3' ],
146 silly audit   scheduler: [ '0.23.2' ],
146 silly audit   'set-function-length': [ '1.2.2' ],
146 silly audit   'set-function-name': [ '2.0.2' ],
146 silly audit   'shebang-command': [ '2.0.0' ],
146 silly audit   'shebang-regex': [ '3.0.0' ],
146 silly audit   'side-channel': [ '1.0.6' ],
146 silly audit   'signal-exit': [ '4.1.0' ],
146 silly audit   'source-map-js': [ '1.2.1' ],
146 silly audit   'stop-iteration-iterator': [ '1.0.0' ],
146 silly audit   streamsearch: [ '1.1.0' ],
146 silly audit   'string-width': [ '5.1.2', '4.2.3' ],
146 silly audit   'string.prototype.includes': [ '2.0.0' ],
146 silly audit   'string.prototype.matchall': [ '4.0.11' ],
146 silly audit   'string.prototype.repeat': [ '1.0.0' ],
146 silly audit   'string.prototype.trim': [ '1.2.9' ],
146 silly audit   'string.prototype.trimend': [ '1.0.8' ],
146 silly audit   'string.prototype.trimstart': [ '1.0.8' ],
146 silly audit   'strip-bom': [ '3.0.0' ],
146 silly audit   'strip-json-comments': [ '3.1.1' ],
146 silly audit   'styled-jsx': [ '5.1.1' ],
146 silly audit   sucrase: [ '3.35.0' ],
146 silly audit   'supports-color': [ '7.2.0' ],
146 silly audit   'supports-preserve-symlinks-flag': [ '1.0.0' ],
146 silly audit   'tailwind-merge': [ '2.5.4' ],
146 silly audit   tailwindcss: [ '3.4.13' ],
146 silly audit   tapable: [ '2.2.1' ],
146 silly audit   'text-table': [ '0.2.0' ],
146 silly audit   thenify: [ '3.3.1' ],
146 silly audit   'thenify-all': [ '1.6.0' ],
146 silly audit   'to-regex-range': [ '5.0.1' ],
146 silly audit   'ts-api-utils': [ '1.3.0' ],
146 silly audit   'ts-interface-checker': [ '0.1.13' ],
146 silly audit   'tsconfig-paths': [ '3.15.0' ],
146 silly audit   tslib: [ '2.7.0' ],
146 silly audit   'type-check': [ '0.4.0' ],
146 silly audit   'type-fest': [ '0.20.2' ],
146 silly audit   'typed-array-buffer': [ '1.0.2' ],
146 silly audit   'typed-array-byte-length': [ '1.0.1' ],
146 silly audit   'typed-array-byte-offset': [ '1.0.2' ],
146 silly audit   'typed-array-length': [ '1.0.6' ],
146 silly audit   typescript: [ '5.6.3' ],
146 silly audit   'unbox-primitive': [ '1.0.2' ],
146 silly audit   'uri-js': [ '4.4.1' ],
146 silly audit   'util-deprecate': [ '1.0.2' ],
146 silly audit   which: [ '2.0.2' ],
146 silly audit   'which-boxed-primitive': [ '1.0.2' ],
146 silly audit   'which-builtin-type': [ '1.1.4' ],
146 silly audit   'which-collection': [ '1.0.2' ],
146 silly audit   'which-typed-array': [ '1.1.15' ],
146 silly audit   'word-wrap': [ '1.2.5' ],
146 silly audit   'wrap-ansi': [ '8.1.0', '7.0.0' ],
146 silly audit   wrappy: [ '1.0.2' ],
146 silly audit   yaml: [ '2.5.1' ],
146 silly audit   'yocto-queue': [ '0.1.0' ],
146 silly audit   sharp: [ '0.33.5' ],
146 silly audit   '@img/sharp-darwin-arm64': [ '0.33.5' ],
146 silly audit   '@img/sharp-darwin-x64': [ '0.33.5' ],
146 silly audit   '@img/sharp-libvips-darwin-arm64': [ '1.0.4' ],
146 silly audit   '@img/sharp-libvips-darwin-x64': [ '1.0.4' ],
146 silly audit   '@img/sharp-libvips-linux-arm': [ '1.0.5' ],
146 silly audit   '@img/sharp-libvips-linux-arm64': [ '1.0.4' ],
146 silly audit   '@img/sharp-libvips-linux-s390x': [ '1.0.4' ],
146 silly audit   '@img/sharp-libvips-linux-x64': [ '1.0.4' ],
146 silly audit   '@img/sharp-libvips-linuxmusl-arm64': [ '1.0.4' ],
146 silly audit   '@img/sharp-libvips-linuxmusl-x64': [ '1.0.4' ],
146 silly audit   '@img/sharp-linux-arm': [ '0.33.5' ],
146 silly audit   '@img/sharp-linux-arm64': [ '0.33.5' ],
146 silly audit   '@img/sharp-linux-s390x': [ '0.33.5' ],
146 silly audit   '@img/sharp-linux-x64': [ '0.33.5' ],
146 silly audit   '@img/sharp-linuxmusl-arm64': [ '0.33.5' ],
146 silly audit   '@img/sharp-linuxmusl-x64': [ '0.33.5' ],
146 silly audit   '@img/sharp-wasm32': [ '0.33.5' ],
146 silly audit   '@img/sharp-win32-ia32': [ '0.33.5' ],
146 silly audit   '@img/sharp-win32-x64': [ '0.33.5' ],
146 silly audit   color: [ '4.2.3' ],
146 silly audit   'detect-libc': [ '2.0.3' ],
146 silly audit   '@emnapi/runtime': [ '1.3.1' ],
146 silly audit   'color-string': [ '1.9.1' ],
146 silly audit   'simple-swizzle': [ '0.2.2' ],
146 silly audit   'is-arrayish': [ '0.3.2' ]
146 silly audit }
147 verbose reify failed optional dependency /Users/mac/Desktop/vscode/portfolio/node_modules/@img/sharp-win32-x64
148 silly reify mark deleted [
148 silly reify   '/Users/mac/Desktop/vscode/portfolio/node_modules/@img/sharp-win32-x64'
148 silly reify ]
149 verbose reify failed optional dependency /Users/mac/Desktop/vscode/portfolio/node_modules/@img/sharp-win32-ia32
150 silly reify mark deleted [
150 silly reify   '/Users/mac/Desktop/vscode/portfolio/node_modules/@img/sharp-win32-ia32'
150 silly reify ]
151 verbose reify failed optional dependency /Users/mac/Desktop/vscode/portfolio/node_modules/@img/sharp-wasm32
152 silly reify mark deleted [
152 silly reify   '/Users/mac/Desktop/vscode/portfolio/node_modules/@img/sharp-wasm32'
152 silly reify ]
153 verbose reify failed optional dependency /Users/mac/Desktop/vscode/portfolio/node_modules/@emnapi/runtime
154 silly reify mark deleted [ '/Users/mac/Desktop/vscode/portfolio/node_modules/@emnapi/runtime' ]
155 verbose reify failed optional dependency /Users/mac/Desktop/vscode/portfolio/node_modules/@img/sharp-linuxmusl-x64
156 silly reify mark deleted [
156 silly reify   '/Users/mac/Desktop/vscode/portfolio/node_modules/@img/sharp-linuxmusl-x64'
156 silly reify ]
157 verbose reify failed optional dependency /Users/mac/Desktop/vscode/portfolio/node_modules/@img/sharp-linuxmusl-arm64
158 silly reify mark deleted [
158 silly reify   '/Users/mac/Desktop/vscode/portfolio/node_modules/@img/sharp-linuxmusl-arm64'
158 silly reify ]
159 verbose reify failed optional dependency /Users/mac/Desktop/vscode/portfolio/node_modules/@img/sharp-linux-x64
160 silly reify mark deleted [
160 silly reify   '/Users/mac/Desktop/vscode/portfolio/node_modules/@img/sharp-linux-x64'
160 silly reify ]
161 verbose reify failed optional dependency /Users/mac/Desktop/vscode/portfolio/node_modules/@img/sharp-linux-s390x
162 silly reify mark deleted [
162 silly reify   '/Users/mac/Desktop/vscode/portfolio/node_modules/@img/sharp-linux-s390x'
162 silly reify ]
163 verbose reify failed optional dependency /Users/mac/Desktop/vscode/portfolio/node_modules/@img/sharp-linux-arm64
164 silly reify mark deleted [
164 silly reify   '/Users/mac/Desktop/vscode/portfolio/node_modules/@img/sharp-linux-arm64'
164 silly reify ]
165 verbose reify failed optional dependency /Users/mac/Desktop/vscode/portfolio/node_modules/@img/sharp-linux-arm
166 silly reify mark deleted [
166 silly reify   '/Users/mac/Desktop/vscode/portfolio/node_modules/@img/sharp-linux-arm'
166 silly reify ]
167 verbose reify failed optional dependency /Users/mac/Desktop/vscode/portfolio/node_modules/@img/sharp-libvips-linuxmusl-x64
168 silly reify mark deleted [
168 silly reify   '/Users/mac/Desktop/vscode/portfolio/node_modules/@img/sharp-libvips-linuxmusl-x64'
168 silly reify ]
169 verbose reify failed optional dependency /Users/mac/Desktop/vscode/portfolio/node_modules/@img/sharp-libvips-linuxmusl-arm64
170 silly reify mark deleted [
170 silly reify   '/Users/mac/Desktop/vscode/portfolio/node_modules/@img/sharp-libvips-linuxmusl-arm64'
170 silly reify ]
171 verbose reify failed optional dependency /Users/mac/Desktop/vscode/portfolio/node_modules/@img/sharp-libvips-linux-x64
172 silly reify mark deleted [
172 silly reify   '/Users/mac/Desktop/vscode/portfolio/node_modules/@img/sharp-libvips-linux-x64'
172 silly reify ]
173 verbose reify failed optional dependency /Users/mac/Desktop/vscode/portfolio/node_modules/@img/sharp-libvips-linux-s390x
174 silly reify mark deleted [
174 silly reify   '/Users/mac/Desktop/vscode/portfolio/node_modules/@img/sharp-libvips-linux-s390x'
174 silly reify ]
175 verbose reify failed optional dependency /Users/mac/Desktop/vscode/portfolio/node_modules/@img/sharp-libvips-linux-arm64
176 silly reify mark deleted [
176 silly reify   '/Users/mac/Desktop/vscode/portfolio/node_modules/@img/sharp-libvips-linux-arm64'
176 silly reify ]
177 verbose reify failed optional dependency /Users/mac/Desktop/vscode/portfolio/node_modules/@img/sharp-libvips-linux-arm
178 silly reify mark deleted [
178 silly reify   '/Users/mac/Desktop/vscode/portfolio/node_modules/@img/sharp-libvips-linux-arm'
178 silly reify ]
179 verbose reify failed optional dependency /Users/mac/Desktop/vscode/portfolio/node_modules/@img/sharp-libvips-darwin-arm64
180 silly reify mark deleted [
180 silly reify   '/Users/mac/Desktop/vscode/portfolio/node_modules/@img/sharp-libvips-darwin-arm64'
180 silly reify ]
181 verbose reify failed optional dependency /Users/mac/Desktop/vscode/portfolio/node_modules/@img/sharp-darwin-arm64
182 silly reify mark deleted [
182 silly reify   '/Users/mac/Desktop/vscode/portfolio/node_modules/@img/sharp-darwin-arm64'
182 silly reify ]
183 silly tarball no local data for is-arrayish@https://registry.npmjs.org/is-arrayish/-/is-arrayish-0.3.2.tgz. Extracting by manifest.
184 silly tarball no local data for color-string@https://registry.npmjs.org/color-string/-/color-string-1.9.1.tgz. Extracting by manifest.
185 silly tarball no local data for simple-swizzle@https://registry.npmjs.org/simple-swizzle/-/simple-swizzle-0.2.2.tgz. Extracting by manifest.
186 silly tarball no local data for detect-libc@https://registry.npmjs.org/detect-libc/-/detect-libc-2.0.3.tgz. Extracting by manifest.
187 silly tarball no local data for @emnapi/runtime@https://registry.npmjs.org/@emnapi/runtime/-/runtime-1.3.1.tgz. Extracting by manifest.
188 silly tarball no local data for @img/sharp-libvips-darwin-x64@https://registry.npmjs.org/@img/sharp-libvips-darwin-x64/-/sharp-libvips-darwin-x64-1.0.4.tgz. Extracting by manifest.
189 silly tarball no local data for @img/sharp-darwin-x64@https://registry.npmjs.org/@img/sharp-darwin-x64/-/sharp-darwin-x64-0.33.5.tgz. Extracting by manifest.
190 silly tarball no local data for color@https://registry.npmjs.org/color/-/color-4.2.3.tgz. Extracting by manifest.
191 silly tarball no local data for sharp@https://registry.npmjs.org/sharp/-/sharp-0.33.5.tgz. Extracting by manifest.
192 http fetch GET 200 https://registry.npmjs.org/simple-swizzle/-/simple-swizzle-0.2.2.tgz 92ms (cache miss)
193 http fetch GET 200 https://registry.npmjs.org/detect-libc/-/detect-libc-2.0.3.tgz 93ms (cache miss)
194 http fetch GET 200 https://registry.npmjs.org/color-string/-/color-string-1.9.1.tgz 96ms (cache miss)
195 http fetch GET 200 https://registry.npmjs.org/is-arrayish/-/is-arrayish-0.3.2.tgz 102ms (cache miss)
196 http fetch GET 200 https://registry.npmjs.org/color/-/color-4.2.3.tgz 114ms (cache miss)
197 http fetch GET 200 https://registry.npmjs.org/sharp/-/sharp-0.33.5.tgz 167ms (cache miss)
198 http fetch GET 200 https://registry.npmjs.org/@img/sharp-darwin-x64/-/sharp-darwin-x64-0.33.5.tgz 226ms (cache miss)
199 http fetch POST 200 https://registry.npmjs.org/-/npm/v1/security/advisories/bulk 293ms
200 silly audit report {}
201 http fetch GET 200 https://registry.npmjs.org/@emnapi/runtime/-/runtime-1.3.1.tgz 326ms (cache miss)
202 http fetch GET 200 https://registry.npmjs.org/@img/sharp-libvips-darwin-x64/-/sharp-libvips-darwin-x64-1.0.4.tgz 522ms (cache miss)
203 info run sharp@0.33.5 install node_modules/sharp node install/check
204 info run sharp@0.33.5 install { code: 0, signal: null }
205 silly ADD node_modules/is-arrayish
206 silly ADD node_modules/simple-swizzle
207 silly ADD node_modules/color-string
208 silly ADD
209 silly ADD node_modules/detect-libc
210 silly ADD node_modules/color
211 silly ADD
212 silly ADD
213 silly ADD
214 silly ADD
215 silly ADD
216 silly ADD
217 silly ADD
218 silly ADD
219 silly ADD
220 silly ADD
221 silly ADD
222 silly ADD
223 silly ADD
224 silly ADD
225 silly ADD
226 silly ADD node_modules/@img/sharp-libvips-darwin-x64
227 silly ADD
228 silly ADD node_modules/@img/sharp-darwin-x64
229 silly ADD
230 silly ADD node_modules/sharp
231 verbose cwd /Users/mac/Desktop/vscode/portfolio
232 verbose os Darwin 24.0.0
233 verbose node v20.18.0
234 verbose npm  v10.8.2
235 verbose exit 0
236 info ok
