0 verbose cli /usr/local/bin/node /usr/local/lib/node_modules/npm/bin/npm-cli.js
1 info using npm@10.8.2
2 info using node@v20.18.0
3 silly config load:file:/usr/local/lib/node_modules/npm/npmrc
4 silly config load:file:/Users/mac/Desktop/vscode/portfolio/.npmrc
5 silly config load:file:/Users/mac/.npmrc
6 silly config load:file:/usr/local/etc/npmrc
7 verbose title npm exec install
8 verbose argv "exec" "--" "install"
9 verbose logfile logs-max:10 dir:/Users/mac/Desktop/vscode/portfolio/npx-shit/_logs/2024-10-14T13_08_12_402Z-
10 verbose logfile /Users/mac/Desktop/vscode/portfolio/npx-shit/_logs/2024-10-14T13_08_12_402Z-debug-0.log
11 silly logfile done cleaning log files
12 silly packumentCache heap:2197815296 maxSize:549453824 maxEntrySize:274726912
13 http fetch GET 200 https://registry.npmjs.org/npm 608ms
14 http fetch GET 200 https://registry.npmjs.org/install 873ms (cache miss)
15 verbose stack Error: could not determine executable to run
15 verbose stack     at getBinFromManifest (/usr/local/lib/node_modules/npm/node_modules/libnpmexec/lib/get-bin-from-manifest.js:17:23)
15 verbose stack     at exec (/usr/local/lib/node_modules/npm/node_modules/libnpmexec/lib/index.js:202:15)
15 verbose stack     at async Npm.exec (/usr/local/lib/node_modules/npm/lib/npm.js:207:9)
15 verbose stack     at async module.exports (/usr/local/lib/node_modules/npm/lib/cli/entry.js:74:5)
16 verbose pkgid install@0.13.0
17 error could not determine executable to run
18 verbose cwd /Users/mac/Desktop/vscode/portfolio
19 verbose os Darwin 24.0.0
20 verbose node v20.18.0
21 verbose npm  v10.8.2
22 notice
22 notice New [33mminor[39m version of npm available! [33m10.8.2[39m -> [34m10.9.0[39m
22 notice Changelog: [34mhttps://github.com/npm/cli/releases/tag/v10.9.0[39m
22 notice To update run: [4mnpm install -g npm@10.9.0[24m
22 notice  { force: true, [Symbol(proc-log.meta)]: true }
23 verbose exit 1
24 verbose code 1
25 error A complete log of this run can be found in: /Users/mac/Desktop/vscode/portfolio/npx-shit/_logs/2024-10-14T13_08_12_402Z-debug-0.log
